MongoDB URI: mongodb+srv://theller5567:Noel1124%23%24%23%24%23%24@omniapp.efzkv.mongodb.net/myappdb?retryWrites=true&w=majority&ssl=true
MongoDB connected
node:events:485
      throw er; // Unhandled 'error' event
      ^

Error: listen EADDRINUSE: address already in use :::5002
    at Server.setupListenHandle [as _listen2] (node:net:1937:16)
    at listenInCluster (node:net:1994:12)
    at Server.listen (node:net:2099:7)
    at Function.listen (/Users/travisheller/Sites/localhost/Omni-App/backend/node_modules/express/lib/application.js:635:24)
    at file:///Users/travisheller/Sites/localhost/Omni-App/backend/server.js:61:9
    at process.processTicksAndRejections (node:internal/process/task_queues:105:5)
Emitted 'error' event on Server instance at:
    at emitErrorNT (node:net:1973:8)
    at process.processTicksAndRejections (node:internal/process/task_queues:90:21) {
  code: 'EADDRINUSE',
  errno: -48,
  syscall: 'listen',
  address: '::',
  port: 5002
}

Node.js v23.7.0
